Started GET "/" for ::1 at 2016-11-14 16:48:37 -0800
  
Mysql2::Error (Access denied for user 'roommateadmin'@'localhost' (using password: YES)):
  
mysql2 (0.4.4) lib/mysql2/client.rb:87:in `connect'
mysql2 (0.4.4) lib/mysql2/client.rb:87:in `initialize'
activerecord (5.0.0.1) lib/active_record/connection_adapters/mysql2_adapter.rb:25:in `new'
activerecord (5.0.0.1) lib/active_record/connection_adapters/mysql2_adapter.rb:25:in `mysql2_connection'
activerecord (5.0.0.1) lib/active_record/connection_adapters/abstract/connection_pool.rb:721:in `new_connection'
activerecord (5.0.0.1) lib/active_record/connection_adapters/abstract/connection_pool.rb:765:in `checkout_new_connection'
activerecord (5.0.0.1) lib/active_record/connection_adapters/abstract/connection_pool.rb:744:in `try_to_checkout_new_connection'
activerecord (5.0.0.1) lib/active_record/connection_adapters/abstract/connection_pool.rb:705:in `acquire_connection'
activerecord (5.0.0.1) lib/active_record/connection_adapters/abstract/connection_pool.rb:501:in `checkout'
activerecord (5.0.0.1) lib/active_record/connection_adapters/abstract/connection_pool.rb:364:in `connection'
activerecord (5.0.0.1) lib/active_record/connection_adapters/abstract/connection_pool.rb:875:in `retrieve_connection'
activerecord (5.0.0.1) lib/active_record/connection_handling.rb:128:in `retrieve_connection'
activerecord (5.0.0.1) lib/active_record/connection_handling.rb:91:in `connection'
activerecord (5.0.0.1) lib/active_record/migration.rb:558:in `connection'
activerecord (5.0.0.1) lib/active_record/migration.rb:545:in `call'
actionpack (5.0.0.1) lib/action_dispatch/middleware/callbacks.rb:38:in `block in call'
activesupport (5.0.0.1) lib/active_support/callbacks.rb:97:in `__run_callbacks__'
activesupport (5.0.0.1) lib/active_support/callbacks.rb:750:in `_run_call_callbacks'
activesupport (5.0.0.1) lib/active_support/callbacks.rb:90:in `run_callbacks'
actionpack (5.0.0.1) lib/action_dispatch/middleware/callbacks.rb:36:in `call'
actionpack (5.0.0.1) lib/action_dispatch/middleware/executor.rb:12:in `call'
actionpack (5.0.0.1) lib/action_dispatch/middleware/remote_ip.rb:79:in `call'
actionpack (5.0.0.1) lib/action_dispatch/middleware/debug_exceptions.rb:49:in `call'
web-console (3.3.1) lib/web_console/middleware.rb:131:in `call_app'
web-console (3.3.1) lib/web_console/middleware.rb:28:in `block in call'
web-console (3.3.1) lib/web_console/middleware.rb:18:in `catch'
web-console (3.3.1) lib/web_console/middleware.rb:18:in `call'
actionpack (5.0.0.1) lib/action_dispatch/middleware/show_exceptions.rb:31:in `call'
railties (5.0.0.1) lib/rails/rack/logger.rb:36:in `call_app'
railties (5.0.0.1) lib/rails/rack/logger.rb:24:in `block in call'
activesupport (5.0.0.1) lib/active_support/tagged_logging.rb:70:in `block in tagged'
activesupport (5.0.0.1) lib/active_support/tagged_logging.rb:26:in `tagged'
activesupport (5.0.0.1) lib/active_support/tagged_logging.rb:70:in `tagged'
railties (5.0.0.1) lib/rails/rack/logger.rb:24:in `call'
sprockets-rails (3.2.0) lib/sprockets/rails/quiet_assets.rb:13:in `call'
actionpack (5.0.0.1) lib/action_dispatch/middleware/request_id.rb:24:in `call'
rack (2.0.1) lib/rack/method_override.rb:22:in `call'
rack (2.0.1) lib/rack/runtime.rb:22:in `call'
activesupport (5.0.0.1) lib/active_support/cache/strategy/local_cache_middleware.rb:28:in `call'
actionpack (5.0.0.1) lib/action_dispatch/middleware/executor.rb:12:in `call'
actionpack (5.0.0.1) lib/action_dispatch/middleware/static.rb:136:in `call'
rack (2.0.1) lib/rack/sendfile.rb:111:in `call'
railties (5.0.0.1) lib/rails/engine.rb:522:in `call'
puma (3.6.0) lib/puma/configuration.rb:225:in `call'
puma (3.6.0) lib/puma/server.rb:578:in `handle_request'
puma (3.6.0) lib/puma/server.rb:415:in `process_client'
puma (3.6.0) lib/puma/server.rb:275:in `block in run'
puma (3.6.0) lib/puma/thread_pool.rb:116:in `block in spawn_thread'
  Rendering /usr/local/lib/ruby/gems/2.3.0/gems/actionpack-5.0.0.1/lib/action_dispatch/middleware/templates/rescues/diagnostics.html.erb within rescues/layout
  Rendering /usr/local/lib/ruby/gems/2.3.0/gems/actionpack-5.0.0.1/lib/action_dispatch/middleware/templates/rescues/_source.html.erb
  Rendered /usr/local/lib/ruby/gems/2.3.0/gems/actionpack-5.0.0.1/lib/action_dispatch/middleware/templates/rescues/_source.html.erb (3.4ms)
  Rendering /usr/local/lib/ruby/gems/2.3.0/gems/actionpack-5.0.0.1/lib/action_dispatch/middleware/templates/rescues/_trace.html.erb
  Rendered /usr/local/lib/ruby/gems/2.3.0/gems/actionpack-5.0.0.1/lib/action_dispatch/middleware/templates/rescues/_trace.html.erb (1.4ms)
  Rendering /usr/local/lib/ruby/gems/2.3.0/gems/actionpack-5.0.0.1/lib/action_dispatch/middleware/templates/rescues/_request_and_response.html.erb
  Rendered /usr/local/lib/ruby/gems/2.3.0/gems/actionpack-5.0.0.1/lib/action_dispatch/middleware/templates/rescues/_request_and_response.html.erb (0.8ms)
  Rendered /usr/local/lib/ruby/gems/2.3.0/gems/actionpack-5.0.0.1/lib/action_dispatch/middleware/templates/rescues/diagnostics.html.erb within rescues/layout (78.8ms)
Started GET "/" for ::1 at 2016-11-14 16:49:37 -0800
  
ActiveRecord::PendingMigrationError (

Migrations are pending. To resolve this issue, run:

	bin/rails db:migrate RAILS_ENV=development

):
  
activerecord (5.0.0.1) lib/active_record/migration.rb:572:in `check_pending!'
activerecord (5.0.0.1) lib/active_record/migration.rb:548:in `call'
actionpack (5.0.0.1) lib/action_dispatch/middleware/callbacks.rb:38:in `block in call'
activesupport (5.0.0.1) lib/active_support/callbacks.rb:97:in `__run_callbacks__'
activesupport (5.0.0.1) lib/active_support/callbacks.rb:750:in `_run_call_callbacks'
activesupport (5.0.0.1) lib/active_support/callbacks.rb:90:in `run_callbacks'
actionpack (5.0.0.1) lib/action_dispatch/middleware/callbacks.rb:36:in `call'
actionpack (5.0.0.1) lib/action_dispatch/middleware/executor.rb:12:in `call'
actionpack (5.0.0.1) lib/action_dispatch/middleware/remote_ip.rb:79:in `call'
actionpack (5.0.0.1) lib/action_dispatch/middleware/debug_exceptions.rb:49:in `call'
web-console (3.3.1) lib/web_console/middleware.rb:131:in `call_app'
web-console (3.3.1) lib/web_console/middleware.rb:28:in `block in call'
web-console (3.3.1) lib/web_console/middleware.rb:18:in `catch'
web-console (3.3.1) lib/web_console/middleware.rb:18:in `call'
actionpack (5.0.0.1) lib/action_dispatch/middleware/show_exceptions.rb:31:in `call'
railties (5.0.0.1) lib/rails/rack/logger.rb:36:in `call_app'
railties (5.0.0.1) lib/rails/rack/logger.rb:24:in `block in call'
activesupport (5.0.0.1) lib/active_support/tagged_logging.rb:70:in `block in tagged'
activesupport (5.0.0.1) lib/active_support/tagged_logging.rb:26:in `tagged'
activesupport (5.0.0.1) lib/active_support/tagged_logging.rb:70:in `tagged'
railties (5.0.0.1) lib/rails/rack/logger.rb:24:in `call'
sprockets-rails (3.2.0) lib/sprockets/rails/quiet_assets.rb:13:in `call'
actionpack (5.0.0.1) lib/action_dispatch/middleware/request_id.rb:24:in `call'
rack (2.0.1) lib/rack/method_override.rb:22:in `call'
rack (2.0.1) lib/rack/runtime.rb:22:in `call'
activesupport (5.0.0.1) lib/active_support/cache/strategy/local_cache_middleware.rb:28:in `call'
actionpack (5.0.0.1) lib/action_dispatch/middleware/executor.rb:12:in `call'
actionpack (5.0.0.1) lib/action_dispatch/middleware/static.rb:136:in `call'
rack (2.0.1) lib/rack/sendfile.rb:111:in `call'
railties (5.0.0.1) lib/rails/engine.rb:522:in `call'
puma (3.6.0) lib/puma/configuration.rb:225:in `call'
puma (3.6.0) lib/puma/server.rb:578:in `handle_request'
puma (3.6.0) lib/puma/server.rb:415:in `process_client'
puma (3.6.0) lib/puma/server.rb:275:in `block in run'
puma (3.6.0) lib/puma/thread_pool.rb:116:in `block in spawn_thread'
  Rendering /usr/local/lib/ruby/gems/2.3.0/gems/actionpack-5.0.0.1/lib/action_dispatch/middleware/templates/rescues/diagnostics.html.erb within rescues/layout
  Rendering /usr/local/lib/ruby/gems/2.3.0/gems/actionpack-5.0.0.1/lib/action_dispatch/middleware/templates/rescues/_source.html.erb
  Rendered /usr/local/lib/ruby/gems/2.3.0/gems/actionpack-5.0.0.1/lib/action_dispatch/middleware/templates/rescues/_source.html.erb (2.4ms)
  Rendering /usr/local/lib/ruby/gems/2.3.0/gems/actionpack-5.0.0.1/lib/action_dispatch/middleware/templates/rescues/_trace.html.erb
  Rendered /usr/local/lib/ruby/gems/2.3.0/gems/actionpack-5.0.0.1/lib/action_dispatch/middleware/templates/rescues/_trace.html.erb (1.6ms)
  Rendering /usr/local/lib/ruby/gems/2.3.0/gems/actionpack-5.0.0.1/lib/action_dispatch/middleware/templates/rescues/_request_and_response.html.erb
  Rendered /usr/local/lib/ruby/gems/2.3.0/gems/actionpack-5.0.0.1/lib/action_dispatch/middleware/templates/rescues/_request_and_response.html.erb (1.0ms)
  Rendered /usr/local/lib/ruby/gems/2.3.0/gems/actionpack-5.0.0.1/lib/action_dispatch/middleware/templates/rescues/diagnostics.html.erb within rescues/layout (71.7ms)
  [1m[35m (8.4ms)[0m  [1m[35mCREATE TABLE `schema_migrations` (`version` varchar(255) PRIMARY KEY) ENGINE=InnoDB[0m
  [1m[35m (9.0ms)[0m  [1m[35mCREATE TABLE `ar_internal_metadata` (`key` varchar(255) PRIMARY KEY, `value` varchar(255), `created_at` datetime NOT NULL, `updated_at` datetime NOT NULL) ENGINE=InnoDB[0m
  [1m[35m (0.1ms)[0m  [1m[34mSELECT DATABASE() as db[0m
  [1m[35m (0.1ms)[0m  [1m[34mSELECT GET_LOCK('5026170497278143780', 0);[0m
  [1m[36mActiveRecord::SchemaMigration Load (4.1ms)[0m  [1m[34mSELECT `schema_migrations`.* FROM `schema_migrations`[0m
Migrating to CreateUsers (20160917183220)
  [1m[35m (6.4ms)[0m  [1m[35mCREATE TABLE `users` (`id` int AUTO_INCREMENT PRIMARY KEY, `password` varchar(255), `email` varchar(255), `firstname` varchar(255), `lastname` varchar(255), `created_at` datetime NOT NULL, `updated_at` datetime NOT NULL) ENGINE=InnoDB[0m
  [1m[35m (0.1ms)[0m  [1m[35mBEGIN[0m
  [1m[35mSQL (0.2ms)[0m  [1m[32mINSERT INTO `schema_migrations` (`version`) VALUES ('20160917183220')[0m
  [1m[35m (0.3ms)[0m  [1m[35mCOMMIT[0m
Migrating to CreatePosts (20160917185627)
  [1m[35m (6.3ms)[0m  [1m[35mCREATE TABLE `posts` (`id` int AUTO_INCREMENT PRIMARY KEY, `title` varchar(255), `post` text, `address` varchar(255), `user_id` int, `created_at` datetime NOT NULL, `updated_at` datetime NOT NULL) ENGINE=InnoDB[0m
  [1m[35m (0.1ms)[0m  [1m[35mBEGIN[0m
  [1m[35mSQL (0.2ms)[0m  [1m[32mINSERT INTO `schema_migrations` (`version`) VALUES ('20160917185627')[0m
  [1m[35m (0.2ms)[0m  [1m[35mCOMMIT[0m
Migrating to CreateComments (20160917205356)
  [1m[35m (7.1ms)[0m  [1m[35mCREATE TABLE `comments` (`id` int AUTO_INCREMENT PRIMARY KEY, `user_id` int, `body` text, `post_id` int, `created_at` datetime NOT NULL, `updated_at` datetime NOT NULL,  INDEX `index_comments_on_user_id`  (`user_id`),  INDEX `index_comments_on_post_id`  (`post_id`), CONSTRAINT `fk_rails_03de2dc08c`
FOREIGN KEY (`user_id`)
  REFERENCES `users` (`id`)
, CONSTRAINT `fk_rails_2fd19c0db7`
FOREIGN KEY (`post_id`)
  REFERENCES `posts` (`id`)
) ENGINE=InnoDB[0m
  [1m[35m (0.1ms)[0m  [1m[35mBEGIN[0m
  [1m[35mSQL (0.2ms)[0m  [1m[32mINSERT INTO `schema_migrations` (`version`) VALUES ('20160917205356')[0m
  [1m[35m (0.2ms)[0m  [1m[35mCOMMIT[0m
  [1m[36mActiveRecord::InternalMetadata Load (0.6ms)[0m  [1m[34mSELECT  `ar_internal_metadata`.* FROM `ar_internal_metadata` WHERE `ar_internal_metadata`.`key` = 'environment' LIMIT 1[0m
  [1m[35m (0.2ms)[0m  [1m[35mBEGIN[0m
  [1m[35mSQL (0.2ms)[0m  [1m[32mINSERT INTO `ar_internal_metadata` (`key`, `value`, `created_at`, `updated_at`) VALUES ('environment', 'development', '2016-11-15 00:49:54', '2016-11-15 00:49:54')[0m
  [1m[35m (0.4ms)[0m  [1m[35mCOMMIT[0m
  [1m[35m (0.2ms)[0m  [1m[34mSELECT RELEASE_LOCK('5026170497278143780')[0m
  [1m[36mActiveRecord::SchemaMigration Load (0.2ms)[0m  [1m[34mSELECT `schema_migrations`.* FROM `schema_migrations`[0m
  [1m[35m (0.2ms)[0m  [1m[35mSHOW CREATE TABLE `comments`[0m
  [1m[35m (0.2ms)[0m  [1m[35mSHOW TABLE STATUS LIKE 'comments'[0m
  [1m[35m (0.1ms)[0m  [1m[35mSHOW CREATE TABLE `posts`[0m
  [1m[35m (0.2ms)[0m  [1m[35mSHOW TABLE STATUS LIKE 'posts'[0m
  [1m[35m (0.1ms)[0m  [1m[35mSHOW CREATE TABLE `users`[0m
  [1m[35m (0.6ms)[0m  [1m[35mSHOW TABLE STATUS LIKE 'users'[0m
  [1m[35m (0.3ms)[0m  [1m[34mSELECT fk.referenced_table_name as 'to_table'
      ,fk.referenced_column_name as 'primary_key'
      ,fk.column_name as 'column'
      ,fk.constraint_name as 'name'
FROM information_schema.key_column_usage fk
WHERE fk.referenced_column_name is not null
  AND fk.table_schema = 'roommate_app_development'
  AND fk.table_name = 'comments'
[0m
  [1m[35m (0.2ms)[0m  [1m[34mSELECT fk.referenced_table_name as 'to_table'
      ,fk.referenced_column_name as 'primary_key'
      ,fk.column_name as 'column'
      ,fk.constraint_name as 'name'
FROM information_schema.key_column_usage fk
WHERE fk.referenced_column_name is not null
  AND fk.table_schema = 'roommate_app_development'
  AND fk.table_name = 'posts'
[0m
  [1m[35m (0.2ms)[0m  [1m[34mSELECT fk.referenced_table_name as 'to_table'
      ,fk.referenced_column_name as 'primary_key'
      ,fk.column_name as 'column'
      ,fk.constraint_name as 'name'
FROM information_schema.key_column_usage fk
WHERE fk.referenced_column_name is not null
  AND fk.table_schema = 'roommate_app_development'
  AND fk.table_name = 'users'
[0m
Started GET "/" for ::1 at 2016-11-14 16:49:58 -0800
Started GET "/" for ::1 at 2016-11-14 16:51:04 -0800
  [1m[36mActiveRecord::SchemaMigration Load (0.3ms)[0m  [1m[34mSELECT `schema_migrations`.* FROM `schema_migrations`[0m
Processing by PostsController#index as HTML
  Rendering posts/index.html.erb within layouts/application
  [1m[36mPost Load (0.3ms)[0m  [1m[34mSELECT `posts`.* FROM `posts`[0m
  Rendered posts/index.html.erb within layouts/application (6.2ms)
Completed 200 OK in 567ms (Views: 547.5ms | ActiveRecord: 0.7ms)


Started GET "/users" for ::1 at 2016-11-14 16:51:10 -0800
Processing by UsersController#index as HTML
  Rendering users/index.html.erb within layouts/application
  [1m[36mUser Load (0.4ms)[0m  [1m[34mSELECT `users`.* FROM `users`[0m
  Rendered users/index.html.erb within layouts/application (4.1ms)
Completed 200 OK in 62ms (Views: 47.7ms | ActiveRecord: 1.0ms)


Started GET "/users/new" for ::1 at 2016-11-14 16:51:12 -0800
Processing by UsersController#new as HTML
  Rendering users/new.html.erb within layouts/application
  Rendered users/_form.html.erb (30.7ms)
  Rendered users/new.html.erb within layouts/application (32.8ms)
Completed 200 OK in 87ms (Views: 68.7ms | ActiveRecord: 1.1ms)


Started GET "/users" for ::1 at 2016-11-14 16:52:41 -0800
Processing by UsersController#index as HTML
  Rendering users/index.html.erb within layouts/application
  [1m[36mUser Load (0.6ms)[0m  [1m[34mSELECT `users`.* FROM `users`[0m
  Rendered users/index.html.erb within layouts/application (4.0ms)
Completed 200 OK in 49ms (Views: 44.2ms | ActiveRecord: 0.6ms)


Started GET "/users/new" for ::1 at 2016-11-14 16:52:43 -0800
Processing by UsersController#new as HTML
  Rendering users/new.html.erb within layouts/application
  Rendered users/_form.html.erb (6.2ms)
  Rendered users/new.html.erb within layouts/application (10.1ms)
Completed 200 OK in 58ms (Views: 55.2ms | ActiveRecord: 0.0ms)


Started GET "/users" for ::1 at 2016-11-14 16:52:45 -0800
Processing by UsersController#index as HTML
  Rendering users/index.html.erb within layouts/application
  [1m[36mUser Load (0.5ms)[0m  [1m[34mSELECT `users`.* FROM `users`[0m
  Rendered users/index.html.erb within layouts/application (2.7ms)
Completed 200 OK in 43ms (Views: 40.8ms | ActiveRecord: 0.5ms)


Started GET "/users/new" for ::1 at 2016-11-14 16:52:46 -0800
Processing by UsersController#new as HTML
  Rendering users/new.html.erb within layouts/application
  Rendered users/_form.html.erb (3.5ms)
  Rendered users/new.html.erb within layouts/application (6.1ms)
Completed 200 OK in 48ms (Views: 44.4ms | ActiveRecord: 0.0ms)


Started POST "/users" for ::1 at 2016-11-14 16:52:47 -0800
Processing by UsersController#create as HTML
  Parameters: {"utf8"=>"✓", "authenticity_token"=>"y3+CfWsx5E8oN2KzkvnRVXK1XS1YQdTMOPl5NDuQ2GNvD4cwtu8WdfhzAeORv2jGFfW9Z5JuN4dyPd2gtMYBGw==", "user"=>{"password"=>"[FILTERED]", "email"=>"", "firstname"=>"", "lastname"=>""}, "commit"=>"Create User"}
  [1m[35m (0.2ms)[0m  [1m[35mBEGIN[0m
  [1m[35m (0.1ms)[0m  [1m[31mROLLBACK[0m
  Rendering users/new.html.erb within layouts/application
  Rendered users/_form.html.erb (4.6ms)
  Rendered users/new.html.erb within layouts/application (7.4ms)
Completed 200 OK in 33ms (Views: 28.9ms | ActiveRecord: 0.3ms)


Started GET "/users" for ::1 at 2016-11-14 16:52:51 -0800
Processing by UsersController#index as HTML
  Rendering users/index.html.erb within layouts/application
  [1m[36mUser Load (0.7ms)[0m  [1m[34mSELECT `users`.* FROM `users`[0m
  Rendered users/index.html.erb within layouts/application (2.7ms)
Completed 200 OK in 35ms (Views: 31.8ms | ActiveRecord: 0.7ms)


Started GET "/" for ::1 at 2016-11-14 16:52:53 -0800
Processing by PostsController#index as HTML
  Rendering posts/index.html.erb within layouts/application
  [1m[36mPost Load (0.4ms)[0m  [1m[34mSELECT `posts`.* FROM `posts`[0m
  Rendered posts/index.html.erb within layouts/application (2.6ms)
Completed 200 OK in 35ms (Views: 32.7ms | ActiveRecord: 0.4ms)


Started GET "/posts/new" for ::1 at 2016-11-14 16:52:54 -0800
Processing by PostsController#new as HTML
  Rendering posts/new.html.erb within layouts/application
  Rendered posts/_form.html.erb (13.7ms)
  Rendered posts/new.html.erb within layouts/application (17.6ms)
Completed 200 OK in 57ms (Views: 44.8ms | ActiveRecord: 0.8ms)


Started POST "/posts" for ::1 at 2016-11-14 16:53:33 -0800
Processing by PostsController#create as HTML
  Parameters: {"utf8"=>"✓", "authenticity_token"=>"FvagaXpiJ5uAiGUfwIi2PjOsjpeZN0dUzotWVfc40hingz0nm871bUm5Rx+bjM2BdJZl/6OaQgVO3S0hgyufKA==", "post"=>{"title"=>"testpost", "post"=>"tyghjfiugjkhgiuyoilluij", "address"=>"", "user_id"=>"10"}, "commit"=>"Create Post"}
  [1m[35m (0.2ms)[0m  [1m[35mBEGIN[0m
  [1m[36mUser Load (0.3ms)[0m  [1m[34mSELECT  `users`.* FROM `users` WHERE `users`.`id` = 10 LIMIT 1[0m
  [1m[35m (0.1ms)[0m  [1m[31mROLLBACK[0m
  Rendering posts/new.html.erb within layouts/application
  Rendered posts/_form.html.erb (3.2ms)
  Rendered posts/new.html.erb within layouts/application (5.4ms)
Completed 200 OK in 54ms (Views: 34.6ms | ActiveRecord: 0.6ms)


Started POST "/posts" for ::1 at 2016-11-14 16:53:40 -0800
Processing by PostsController#create as HTML
  Parameters: {"utf8"=>"✓", "authenticity_token"=>"/+l8LqbmbL6M5T+pcS1TGdMKu/YscHHKZ0U7EVk58reysUkFXo6e/EED8NzAwb6K4RgHtORtkISiHUhJbCK/Rg==", "post"=>{"title"=>"testpost", "post"=>"tyghjfiugjkhgiuyoilluij", "address"=>"", "user_id"=>"1"}, "commit"=>"Create Post"}
  [1m[35m (0.2ms)[0m  [1m[35mBEGIN[0m
  [1m[36mUser Load (0.3ms)[0m  [1m[34mSELECT  `users`.* FROM `users` WHERE `users`.`id` = 1 LIMIT 1[0m
  [1m[35m (0.1ms)[0m  [1m[31mROLLBACK[0m
  Rendering posts/new.html.erb within layouts/application
  Rendered posts/_form.html.erb (4.9ms)
  Rendered posts/new.html.erb within layouts/application (7.6ms)
Completed 200 OK in 43ms (Views: 39.3ms | ActiveRecord: 0.5ms)


Started GET "/" for ::1 at 2016-11-14 18:08:54 -0800
  [1m[36mActiveRecord::SchemaMigration Load (0.3ms)[0m  [1m[34mSELECT `schema_migrations`.* FROM `schema_migrations`[0m
Processing by PostsController#index as HTML
  Rendering posts/index.html.erb within layouts/application
  [1m[36mPost Load (0.4ms)[0m  [1m[34mSELECT `posts`.* FROM `posts`[0m
  Rendered posts/index.html.erb within layouts/application (6.3ms)
Completed 200 OK in 272ms (Views: 248.9ms | ActiveRecord: 0.8ms)


Started GET "/posts/new" for ::1 at 2016-11-14 18:08:57 -0800
Processing by PostsController#new as HTML
  Rendering posts/new.html.erb within layouts/application
  Rendered posts/_form.html.erb (19.3ms)
  Rendered posts/new.html.erb within layouts/application (21.8ms)
Completed 200 OK in 83ms (Views: 45.9ms | ActiveRecord: 0.8ms)


Started GET "/posts" for ::1 at 2016-11-14 18:09:06 -0800
Processing by PostsController#index as HTML
  Rendering posts/index.html.erb within layouts/application
  [1m[36mPost Load (2.5ms)[0m  [1m[34mSELECT `posts`.* FROM `posts`[0m
  Rendered posts/index.html.erb within layouts/application (8.0ms)
Completed 200 OK in 56ms (Views: 50.8ms | ActiveRecord: 2.5ms)


Started GET "/users" for ::1 at 2016-11-14 18:09:08 -0800
Processing by UsersController#index as HTML
  Rendering users/index.html.erb within layouts/application
  [1m[36mUser Load (0.4ms)[0m  [1m[34mSELECT `users`.* FROM `users`[0m
  Rendered users/index.html.erb within layouts/application (9.7ms)
Completed 200 OK in 55ms (Views: 42.6ms | ActiveRecord: 0.8ms)


Started GET "/users/new" for ::1 at 2016-11-14 18:09:09 -0800
Processing by UsersController#new as HTML
  Rendering users/new.html.erb within layouts/application
  Rendered users/_form.html.erb (8.3ms)
  Rendered users/new.html.erb within layouts/application (11.9ms)
Completed 200 OK in 72ms (Views: 54.3ms | ActiveRecord: 0.6ms)


Started POST "/users" for ::1 at 2016-11-14 18:09:28 -0800
Processing by UsersController#create as HTML
  Parameters: {"utf8"=>"✓", "authenticity_token"=>"oWRbX9giMpIUCBXwc2Iw4QhP/pNtAW+/0tjW9+w4Tq0FFF4SBfzAqMRMdqBwJIlybw8e2acujPSYHHJjY26X1Q==", "user"=>{"password"=>"[FILTERED]", "email"=>"hridayam", "firstname"=>"hridayam", "lastname"=>"bakshi"}, "commit"=>"Create User"}
  [1m[35m (0.2ms)[0m  [1m[35mBEGIN[0m
  [1m[35m (0.2ms)[0m  [1m[31mROLLBACK[0m
  Rendering users/new.html.erb within layouts/application
  Rendered users/_form.html.erb (3.2ms)
  Rendered users/new.html.erb within layouts/application (5.3ms)
Completed 200 OK in 42ms (Views: 37.2ms | ActiveRecord: 0.3ms)


Started POST "/users" for ::1 at 2016-11-14 18:09:35 -0800
Processing by UsersController#create as HTML
  Parameters: {"utf8"=>"✓", "authenticity_token"=>"rOTOzbT9bq8yACQKeRox96zaK5a1eBRovJ+0nlt0T0bhvPvmTJWc7f/m63/I9txknsiX1H1l9SZ5x8fGbm8Ctw==", "user"=>{"password"=>"[FILTERED]", "email"=>"hridayam", "firstname"=>"hridayam", "lastname"=>"bakshi"}, "commit"=>"Create User"}
  [1m[35m (0.2ms)[0m  [1m[35mBEGIN[0m
  [1m[35mSQL (0.7ms)[0m  [1m[32mINSERT INTO `users` (`password`, `email`, `firstname`, `lastname`, `created_at`, `updated_at`) VALUES ('temppass', 'hridayam', 'hridayam', 'bakshi', '2016-11-15 02:09:35', '2016-11-15 02:09:35')[0m
  [1m[35m (0.4ms)[0m  [1m[35mCOMMIT[0m
Redirected to http://localhost:3000/users/1
Completed 302 Found in 7ms (ActiveRecord: 1.2ms)


Started GET "/users/1" for ::1 at 2016-11-14 18:09:35 -0800
Processing by UsersController#show as HTML
  Parameters: {"id"=>"1"}
  [1m[36mUser Load (0.4ms)[0m  [1m[34mSELECT  `users`.* FROM `users` WHERE `users`.`id` = 1 LIMIT 1[0m
  Rendering users/show.html.erb within layouts/application
  Rendered users/show.html.erb within layouts/application (0.9ms)
Completed 200 OK in 43ms (Views: 35.7ms | ActiveRecord: 0.4ms)


Started GET "/users" for ::1 at 2016-11-14 18:09:39 -0800
Processing by UsersController#index as HTML
  Rendering users/index.html.erb within layouts/application
  [1m[36mUser Load (0.7ms)[0m  [1m[34mSELECT `users`.* FROM `users`[0m
  Rendered users/index.html.erb within layouts/application (5.1ms)
Completed 200 OK in 39ms (Views: 36.1ms | ActiveRecord: 0.7ms)


Started GET "/" for ::1 at 2016-11-14 18:09:43 -0800
Processing by PostsController#index as HTML
  Rendering posts/index.html.erb within layouts/application
  [1m[36mPost Load (0.4ms)[0m  [1m[34mSELECT `posts`.* FROM `posts`[0m
  Rendered posts/index.html.erb within layouts/application (2.6ms)
Completed 200 OK in 38ms (Views: 35.6ms | ActiveRecord: 0.4ms)


Started GET "/posts/new" for ::1 at 2016-11-14 18:09:44 -0800
Processing by PostsController#new as HTML
  Rendering posts/new.html.erb within layouts/application
  Rendered posts/_form.html.erb (5.5ms)
  Rendered posts/new.html.erb within layouts/application (9.2ms)
Completed 200 OK in 51ms (Views: 47.9ms | ActiveRecord: 0.0ms)


Started POST "/posts" for ::1 at 2016-11-14 18:10:05 -0800
Processing by PostsController#create as HTML
  Parameters: {"utf8"=>"✓", "authenticity_token"=>"mlO4DuYBLsQ7nRdNyNW0OJTmkh41fizor0aLb090/4IrJiVAB638MvKsNU2T0c+H09x5dg/TKbkvEPAbO2eysg==", "post"=>{"title"=>"testpost", "post"=>"ggjhjhjhj", "address"=>"111", "user_id"=>"1", "price"=>"-1"}, "commit"=>"Create Post"}
Unpermitted parameter: price
  [1m[35m (0.8ms)[0m  [1m[35mBEGIN[0m
  [1m[36mUser Load (0.3ms)[0m  [1m[34mSELECT  `users`.* FROM `users` WHERE `users`.`id` = 1 LIMIT 1[0m
  [1m[35m (0.2ms)[0m  [1m[31mROLLBACK[0m
  Rendering posts/new.html.erb within layouts/application
  Rendered posts/_form.html.erb (4.0ms)
  Rendered posts/new.html.erb within layouts/application (5.8ms)
Completed 200 OK in 52ms (Views: 34.1ms | ActiveRecord: 1.3ms)


Started POST "/posts" for ::1 at 2016-11-14 18:10:29 -0800
Processing by PostsController#create as HTML
  Parameters: {"utf8"=>"✓", "authenticity_token"=>"Ph/RoqkVbbMVHuDk8Ggdo/wo64D88rq+GM57ZSyjbhpzR+SJUX2f8dj4L5FBhPAwzjpXwjTvW/Ddlgg9Gbgj6w==", "post"=>{"title"=>"testpost", "post"=>"ggjhjhjhj", "address"=>"111", "user_id"=>"1", "price"=>"100"}, "commit"=>"Create Post"}
Unpermitted parameter: price
  [1m[35m (0.2ms)[0m  [1m[35mBEGIN[0m
  [1m[36mUser Load (0.3ms)[0m  [1m[34mSELECT  `users`.* FROM `users` WHERE `users`.`id` = 1 LIMIT 1[0m
  [1m[35m (0.5ms)[0m  [1m[31mROLLBACK[0m
  Rendering posts/new.html.erb within layouts/application
  Rendered posts/_form.html.erb (3.3ms)
  Rendered posts/new.html.erb within layouts/application (5.2ms)
Completed 200 OK in 38ms (Views: 31.3ms | ActiveRecord: 0.9ms)


Started POST "/posts" for ::1 at 2016-11-14 18:11:35 -0800
Processing by PostsController#create as HTML
  Parameters: {"utf8"=>"✓", "authenticity_token"=>"JTXhOeCV4tYfDsNDk2RIlrXFXhhGDfqqa5vSYBuZekRobdQSGP0QlNLoDDYiiKUFh9fiWo4QG+Suw6E4LoI3tQ==", "post"=>{"title"=>"testpost", "post"=>"ggjhjhjhj", "address"=>"111", "user_id"=>"1", "price"=>"-1"}, "commit"=>"Create Post"}
Unpermitted parameter: price
  [1m[35m (0.2ms)[0m  [1m[35mBEGIN[0m
  [1m[36mUser Load (0.4ms)[0m  [1m[34mSELECT  `users`.* FROM `users` WHERE `users`.`id` = 1 LIMIT 1[0m
  [1m[35m (0.2ms)[0m  [1m[31mROLLBACK[0m
  Rendering posts/new.html.erb within layouts/application
  Rendered posts/_form.html.erb (4.4ms)
  Rendered posts/new.html.erb within layouts/application (6.0ms)
Completed 200 OK in 57ms (Views: 28.4ms | ActiveRecord: 2.6ms)


Started POST "/posts" for ::1 at 2016-11-14 18:11:40 -0800
Processing by PostsController#create as HTML
  Parameters: {"utf8"=>"✓", "authenticity_token"=>"WaZLWUTENWrdw1Q1GHo8W+r+VMsXAX5d0J7n98obYlAU/n5yvKzHKBAlm0CpltHI2Ozoid8cnxMVxpSv/wAvoQ==", "post"=>{"title"=>"testpost", "post"=>"ggjhjhjhj", "address"=>"111", "user_id"=>"1", "price"=>"67"}, "commit"=>"Create Post"}
Unpermitted parameter: price
  [1m[35m (0.2ms)[0m  [1m[35mBEGIN[0m
  [1m[36mUser Load (0.4ms)[0m  [1m[34mSELECT  `users`.* FROM `users` WHERE `users`.`id` = 1 LIMIT 1[0m
  [1m[35m (0.3ms)[0m  [1m[31mROLLBACK[0m
  Rendering posts/new.html.erb within layouts/application
  Rendered posts/_form.html.erb (3.2ms)
  Rendered posts/new.html.erb within layouts/application (5.3ms)
Completed 200 OK in 53ms (Views: 45.7ms | ActiveRecord: 0.8ms)


Started POST "/posts" for ::1 at 2016-11-14 18:14:40 -0800
Processing by PostsController#create as HTML
  Parameters: {"utf8"=>"✓", "authenticity_token"=>"muZeAY0p4+AxqSnMvuU6reCCjRSz6GQzLyNi1neRJszXvmsqdUERovxP5rkPCdc+0pAxVnv1hX3qexGOQoprPQ==", "post"=>{"title"=>"testpost", "post"=>"ggjhjhjhj", "address"=>"111", "user_id"=>"1", "price"=>"-1"}, "commit"=>"Create Post"}
Unpermitted parameter: price
  [1m[35m (0.1ms)[0m  [1m[35mBEGIN[0m
  [1m[36mUser Load (0.4ms)[0m  [1m[34mSELECT  `users`.* FROM `users` WHERE `users`.`id` = 1 LIMIT 1[0m
  [1m[35m (0.2ms)[0m  [1m[31mROLLBACK[0m
  Rendering posts/new.html.erb within layouts/application
  Rendered posts/_form.html.erb (3.9ms)
  Rendered posts/new.html.erb within layouts/application (5.5ms)
Completed 200 OK in 64ms (Views: 27.5ms | ActiveRecord: 2.4ms)


Started POST "/posts" for ::1 at 2016-11-14 18:15:17 -0800
Processing by PostsController#create as HTML
  Parameters: {"utf8"=>"✓", "authenticity_token"=>"E1xhxz8GZbmFePMTUFPCsaWLQoXaBssH6PFn6q8OEWteBFTsx26X+0iePGbhvy8il5n+xxIbKkktqRSymhVcmg==", "post"=>{"title"=>"testpost", "post"=>"ggjhjhjhj", "address"=>"111", "user_id"=>"1", "price"=>"-1"}, "commit"=>"Create Post"}
  [1m[35m (0.1ms)[0m  [1m[35mBEGIN[0m
  [1m[36mUser Load (0.2ms)[0m  [1m[34mSELECT  `users`.* FROM `users` WHERE `users`.`id` = 1 LIMIT 1[0m
  [1m[35mSQL (0.3ms)[0m  [1m[32mINSERT INTO `posts` (`title`, `post`, `address`, `user_id`, `created_at`, `updated_at`, `price`) VALUES ('testpost', 'ggjhjhjhj', '111', 1, '2016-11-15 02:15:17', '2016-11-15 02:15:17', -1)[0m
  [1m[35m (1.4ms)[0m  [1m[35mCOMMIT[0m
Redirected to http://localhost:3000/posts/1
Completed 302 Found in 32ms (ActiveRecord: 4.2ms)


Started GET "/posts/1" for ::1 at 2016-11-14 18:15:17 -0800
Processing by PostsController#show as HTML
  Parameters: {"id"=>"1"}
  [1m[36mPost Load (0.3ms)[0m  [1m[34mSELECT  `posts`.* FROM `posts` WHERE `posts`.`id` = 1 LIMIT 1[0m
  Rendering posts/show.html.erb within layouts/application
  [1m[36mComment Load (0.7ms)[0m  [1m[34mSELECT `comments`.* FROM `comments` WHERE `comments`.`post_id` = 1[0m
  Rendered posts/show.html.erb within layouts/application (22.7ms)
Completed 200 OK in 48ms (Views: 42.9ms | ActiveRecord: 1.9ms)


Started GET "/posts" for ::1 at 2016-11-14 18:15:50 -0800
Processing by PostsController#index as HTML
  Rendering posts/index.html.erb within layouts/application
  [1m[36mPost Load (0.4ms)[0m  [1m[34mSELECT `posts`.* FROM `posts`[0m
  Rendered posts/index.html.erb within layouts/application (2.5ms)
Completed 200 OK in 38ms (Views: 35.7ms | ActiveRecord: 0.4ms)


Started GET "/posts/1" for ::1 at 2016-11-14 18:15:59 -0800
Processing by PostsController#show as HTML
  Parameters: {"id"=>"1"}
  [1m[36mPost Load (0.5ms)[0m  [1m[34mSELECT  `posts`.* FROM `posts` WHERE `posts`.`id` = 1 LIMIT 1[0m
  Rendering posts/show.html.erb within layouts/application
  [1m[36mComment Load (0.6ms)[0m  [1m[34mSELECT `comments`.* FROM `comments` WHERE `comments`.`post_id` = 1[0m
  Rendered posts/show.html.erb within layouts/application (7.3ms)
Completed 200 OK in 44ms (Views: 39.0ms | ActiveRecord: 1.0ms)


Started GET "/posts" for ::1 at 2016-11-14 18:16:02 -0800
Processing by PostsController#index as HTML
  Rendering posts/index.html.erb within layouts/application
  [1m[36mPost Load (0.3ms)[0m  [1m[34mSELECT `posts`.* FROM `posts`[0m
  Rendered posts/index.html.erb within layouts/application (2.5ms)
Completed 200 OK in 41ms (Views: 38.5ms | ActiveRecord: 0.3ms)


Started GET "/posts" for ::1 at 2016-11-14 18:18:25 -0800
Processing by PostsController#index as HTML
  Rendering posts/index.html.erb within layouts/application
  [1m[36mPost Load (0.3ms)[0m  [1m[34mSELECT `posts`.* FROM `posts`[0m
  Rendered posts/index.html.erb within layouts/application (1.6ms)
Completed 200 OK in 33ms (Views: 31.2ms | ActiveRecord: 0.3ms)


Started GET "/posts/1" for ::1 at 2016-11-14 18:18:30 -0800
Processing by PostsController#show as HTML
  Parameters: {"id"=>"1"}
  [1m[36mPost Load (0.3ms)[0m  [1m[34mSELECT  `posts`.* FROM `posts` WHERE `posts`.`id` = 1 LIMIT 1[0m
  Rendering posts/show.html.erb within layouts/application
  [1m[36mComment Load (0.4ms)[0m  [1m[34mSELECT `comments`.* FROM `comments` WHERE `comments`.`post_id` = 1[0m
  Rendered posts/show.html.erb within layouts/application (7.2ms)
Completed 200 OK in 39ms (Views: 35.7ms | ActiveRecord: 0.8ms)


Started GET "/posts" for ::1 at 2016-11-14 18:18:33 -0800
Processing by PostsController#index as HTML
  Rendering posts/index.html.erb within layouts/application
  [1m[36mPost Load (0.5ms)[0m  [1m[34mSELECT `posts`.* FROM `posts`[0m
  Rendered posts/index.html.erb within layouts/application (3.6ms)
Completed 200 OK in 39ms (Views: 34.3ms | ActiveRecord: 0.5ms)


Started GET "/users" for ::1 at 2016-11-14 18:18:34 -0800
Processing by UsersController#index as HTML
  Rendering users/index.html.erb within layouts/application
  [1m[36mUser Load (0.3ms)[0m  [1m[34mSELECT `users`.* FROM `users`[0m
  Rendered users/index.html.erb within layouts/application (3.4ms)
Completed 200 OK in 42ms (Views: 37.7ms | ActiveRecord: 0.3ms)


Started GET "/" for ::1 at 2016-11-14 18:18:42 -0800
Processing by PostsController#index as HTML
  Rendering posts/index.html.erb within layouts/application
  [1m[36mPost Load (0.3ms)[0m  [1m[34mSELECT `posts`.* FROM `posts`[0m
  Rendered posts/index.html.erb within layouts/application (2.4ms)
Completed 200 OK in 40ms (Views: 36.1ms | ActiveRecord: 0.3ms)


Started GET "/posts/new" for ::1 at 2016-11-14 18:19:18 -0800
Processing by PostsController#new as HTML
  Rendering posts/new.html.erb within layouts/application
  Rendered posts/_form.html.erb (3.9ms)
  Rendered posts/new.html.erb within layouts/application (6.0ms)
Completed 200 OK in 39ms (Views: 37.1ms | ActiveRecord: 0.0ms)


Started GET "/posts" for ::1 at 2016-11-14 18:19:49 -0800
Processing by PostsController#index as HTML
  Rendering posts/index.html.erb within layouts/application
  [1m[36mPost Load (0.7ms)[0m  [1m[34mSELECT `posts`.* FROM `posts`[0m
  Rendered posts/index.html.erb within layouts/application (3.4ms)
Completed 200 OK in 44ms (Views: 40.1ms | ActiveRecord: 0.7ms)


Started GET "/posts" for ::1 at 2016-11-14 18:20:44 -0800
Processing by PostsController#index as HTML
  Rendering posts/index.html.erb within layouts/application
  [1m[36mPost Load (0.3ms)[0m  [1m[34mSELECT `posts`.* FROM `posts`[0m
  Rendered posts/index.html.erb within layouts/application (2.9ms)
Completed 200 OK in 41ms (Views: 38.0ms | ActiveRecord: 0.3ms)


Started GET "/posts" for ::1 at 2016-11-14 18:21:02 -0800
Processing by PostsController#index as HTML
  Rendering posts/index.html.erb within layouts/application
  [1m[36mPost Load (0.6ms)[0m  [1m[34mSELECT `posts`.* FROM `posts`[0m
  Rendered posts/index.html.erb within layouts/application (3.2ms)
Completed 200 OK in 42ms (Views: 38.9ms | ActiveRecord: 0.6ms)


Started GET "/posts" for ::1 at 2016-11-14 18:22:36 -0800
Processing by PostsController#index as HTML
  Rendering posts/index.html.erb within layouts/application
  [1m[36mPost Load (0.3ms)[0m  [1m[34mSELECT `posts`.* FROM `posts`[0m
  Rendered posts/index.html.erb within layouts/application (11.0ms)
Completed 200 OK in 41ms (Views: 33.8ms | ActiveRecord: 1.6ms)


Started DELETE "/posts/1" for ::1 at 2016-11-14 18:22:41 -0800
Processing by PostsController#destroy as HTML
  Parameters: {"authenticity_token"=>"yF0TXlHL5LBjbPbkEkswbz5eZfFDtvJCEDMUYcUgQrmFBSZ1qaMW8q6KOZGjp938DEzZs4urEwzVa2c58DsPSA==", "id"=>"1"}
  [1m[36mPost Load (0.4ms)[0m  [1m[34mSELECT  `posts`.* FROM `posts` WHERE `posts`.`id` = 1 LIMIT 1[0m
  [1m[35m (0.3ms)[0m  [1m[35mBEGIN[0m
  [1m[35mSQL (0.5ms)[0m  [1m[31mDELETE FROM `posts` WHERE `posts`.`id` = 1[0m
  [1m[35m (1.2ms)[0m  [1m[35mCOMMIT[0m
Redirected to http://localhost:3000/posts
Completed 302 Found in 7ms (ActiveRecord: 2.3ms)


Started GET "/posts" for ::1 at 2016-11-14 18:22:41 -0800
Processing by PostsController#index as HTML
  Rendering posts/index.html.erb within layouts/application
  [1m[36mPost Load (0.5ms)[0m  [1m[34mSELECT `posts`.* FROM `posts`[0m
  Rendered posts/index.html.erb within layouts/application (1.8ms)
Completed 200 OK in 26ms (Views: 23.4ms | ActiveRecord: 0.5ms)


Started GET "/posts/new" for ::1 at 2016-11-14 18:22:43 -0800
Processing by PostsController#new as HTML
  Rendering posts/new.html.erb within layouts/application
  Rendered posts/_form.html.erb (6.9ms)
  Rendered posts/new.html.erb within layouts/application (9.6ms)
Completed 200 OK in 40ms (Views: 38.2ms | ActiveRecord: 0.0ms)


Started POST "/posts" for ::1 at 2016-11-14 18:22:56 -0800
Processing by PostsController#create as HTML
  Parameters: {"utf8"=>"✓", "authenticity_token"=>"29jaOcffA6uR4Ks6+NZR9dmnsSVHY02NEqyTSdzHdudqrUd3JnPRXVjRiTqj0ipKnp1aTX3OSNyS+ug9qNQ71w==", "post"=>{"title"=>"testpost", "post"=>"jkhkhjjnk", "address"=>"111", "user_id"=>"1", "price"=>"-1"}, "commit"=>"Create Post"}
  [1m[35m (0.7ms)[0m  [1m[35mBEGIN[0m
  [1m[36mUser Load (0.3ms)[0m  [1m[34mSELECT  `users`.* FROM `users` WHERE `users`.`id` = 1 LIMIT 1[0m
  [1m[35m (0.2ms)[0m  [1m[31mROLLBACK[0m
  Rendering posts/new.html.erb within layouts/application
  Rendered posts/_form.html.erb (4.3ms)
  Rendered posts/new.html.erb within layouts/application (6.1ms)
Completed 200 OK in 54ms (Views: 33.3ms | ActiveRecord: 1.9ms)


Started POST "/posts" for ::1 at 2016-11-14 18:23:07 -0800
Processing by PostsController#create as HTML
  Parameters: {"utf8"=>"✓", "authenticity_token"=>"2z3hpHMNN82HtNitGpSSYF4ibeG66vRGXLjrfkINHSqWZdSPi2XFj0pSF9ireH/zbDDRo3L3FQiZ4JgmdxZQ2w==", "post"=>{"title"=>"testpost", "post"=>"jkhkhjjnk", "address"=>"111", "user_id"=>"1", "price"=>"1"}, "commit"=>"Create Post"}
  [1m[35m (0.1ms)[0m  [1m[35mBEGIN[0m
  [1m[36mUser Load (0.7ms)[0m  [1m[34mSELECT  `users`.* FROM `users` WHERE `users`.`id` = 1 LIMIT 1[0m
  [1m[35mSQL (0.3ms)[0m  [1m[32mINSERT INTO `posts` (`title`, `post`, `address`, `user_id`, `created_at`, `updated_at`, `price`) VALUES ('testpost', 'jkhkhjjnk', '111', 1, '2016-11-15 02:23:07', '2016-11-15 02:23:07', 1)[0m
  [1m[35m (0.3ms)[0m  [1m[35mCOMMIT[0m
Redirected to http://localhost:3000/posts/2
Completed 302 Found in 7ms (ActiveRecord: 1.5ms)


Started GET "/posts/2" for ::1 at 2016-11-14 18:23:07 -0800
Processing by PostsController#show as HTML
  Parameters: {"id"=>"2"}
  [1m[36mPost Load (0.3ms)[0m  [1m[34mSELECT  `posts`.* FROM `posts` WHERE `posts`.`id` = 2 LIMIT 1[0m
  Rendering posts/show.html.erb within layouts/application
  [1m[36mComment Load (0.3ms)[0m  [1m[34mSELECT `comments`.* FROM `comments` WHERE `comments`.`post_id` = 2[0m
  Rendered posts/show.html.erb within layouts/application (17.8ms)
Completed 200 OK in 50ms (Views: 46.0ms | ActiveRecord: 1.4ms)


Started GET "/posts" for ::1 at 2016-11-14 18:23:39 -0800
Processing by PostsController#index as HTML
  Rendering posts/index.html.erb within layouts/application
  [1m[36mPost Load (0.6ms)[0m  [1m[34mSELECT `posts`.* FROM `posts`[0m
  Rendered posts/index.html.erb within layouts/application (4.0ms)
Completed 200 OK in 42ms (Views: 39.2ms | ActiveRecord: 0.6ms)


Started GET "/posts/new" for ::1 at 2016-11-15 09:04:45 -0800
Processing by PostsController#new as HTML
  Rendering posts/new.html.erb within layouts/application
  Rendered posts/_form.html.erb (15.7ms)
  Rendered posts/new.html.erb within layouts/application (23.5ms)
Completed 200 OK in 92ms (Views: 82.2ms | ActiveRecord: 0.0ms)


Started GET "/posts" for ::1 at 2016-11-15 09:12:02 -0800
Processing by PostsController#index as HTML
  Rendering posts/index.html.erb within layouts/application
  [1m[36mPost Load (8.1ms)[0m  [1m[34mSELECT `posts`.* FROM `posts`[0m
  Rendered posts/index.html.erb within layouts/application (18.8ms)
Completed 200 OK in 59ms (Views: 45.4ms | ActiveRecord: 8.1ms)


Started DELETE "/posts/2" for ::1 at 2016-11-15 09:12:11 -0800
Processing by PostsController#destroy as HTML
  Parameters: {"authenticity_token"=>"sZVipgAlZRxqYA9Wwhn0pY3k2JNv45PZLU54IL7TqLD8zVeN+E2XXqeGwCNz9Rk2v/Zk0af+cpfoFgt4i8jlQQ==", "id"=>"2"}
  [1m[36mPost Load (0.6ms)[0m  [1m[34mSELECT  `posts`.* FROM `posts` WHERE `posts`.`id` = 2 LIMIT 1[0m
  [1m[35m (0.2ms)[0m  [1m[35mBEGIN[0m
  [1m[35mSQL (0.8ms)[0m  [1m[31mDELETE FROM `posts` WHERE `posts`.`id` = 2[0m
  [1m[35m (1.8ms)[0m  [1m[35mCOMMIT[0m
Redirected to http://localhost:3000/posts
Completed 302 Found in 12ms (ActiveRecord: 3.4ms)


Started GET "/posts" for ::1 at 2016-11-15 09:12:11 -0800
Processing by PostsController#index as HTML
  Rendering posts/index.html.erb within layouts/application
  [1m[36mPost Load (0.3ms)[0m  [1m[34mSELECT `posts`.* FROM `posts`[0m
  Rendered posts/index.html.erb within layouts/application (3.1ms)
Completed 200 OK in 32ms (Views: 30.1ms | ActiveRecord: 0.3ms)


Started GET "/posts/new" for ::1 at 2016-11-15 09:12:15 -0800
Processing by PostsController#new as HTML
  Rendering posts/new.html.erb within layouts/application
  Rendered posts/_form.html.erb (8.0ms)
  Rendered posts/new.html.erb within layouts/application (12.8ms)
Completed 200 OK in 55ms (Views: 52.3ms | ActiveRecord: 0.0ms)


Started POST "/posts" for ::1 at 2016-11-15 09:12:35 -0800
Processing by PostsController#create as HTML
  Parameters: {"utf8"=>"✓", "authenticity_token"=>"PpUKkU9vIlH/nBc8as1FTbaUt9Yh17F3Fc+UwO4dWouP4JffrsPwpzatNTwxyT7y8a5cvht6tCaVme+0mg4Xuw==", "post"=>{"title"=>"test", "post"=>"jdfdjwojerewoj", "address"=>"11u", "user_id"=>"1", "price"=>"-1"}, "commit"=>"Create Post"}
  [1m[35m (1.1ms)[0m  [1m[35mBEGIN[0m
  [1m[36mUser Load (0.7ms)[0m  [1m[34mSELECT  `users`.* FROM `users` WHERE `users`.`id` = 1 LIMIT 1[0m
  [1m[35m (0.2ms)[0m  [1m[31mROLLBACK[0m
  Rendering posts/new.html.erb within layouts/application
  Rendered posts/_form.html.erb (4.9ms)
  Rendered posts/new.html.erb within layouts/application (7.7ms)
Completed 200 OK in 54ms (Views: 41.7ms | ActiveRecord: 2.0ms)


Started POST "/posts" for ::1 at 2016-11-15 09:12:45 -0800
Processing by PostsController#create as HTML
  Parameters: {"utf8"=>"✓", "authenticity_token"=>"4qh8Wkm4pxzzK/AkZhRd5wjAMk6vq72RT5/qXlXNG5yv8ElxsdBVXj7NP1HX+LB0OtKODGe2XN+Kx5kGYNZWbQ==", "post"=>{"title"=>"test", "post"=>"jdfdjwojerewoj", "address"=>"11u", "user_id"=>"1", "price"=>"100"}, "commit"=>"Create Post"}
  [1m[35m (0.6ms)[0m  [1m[35mBEGIN[0m
  [1m[36mUser Load (0.4ms)[0m  [1m[34mSELECT  `users`.* FROM `users` WHERE `users`.`id` = 1 LIMIT 1[0m
  [1m[35mSQL (0.3ms)[0m  [1m[32mINSERT INTO `posts` (`title`, `post`, `address`, `user_id`, `created_at`, `updated_at`, `price`) VALUES ('test', 'jdfdjwojerewoj', '11u', 1, '2016-11-15 17:12:45', '2016-11-15 17:12:45', 100)[0m
  [1m[35m (0.3ms)[0m  [1m[35mCOMMIT[0m
Redirected to http://localhost:3000/posts/3
Completed 302 Found in 12ms (ActiveRecord: 1.6ms)


Started GET "/posts/3" for ::1 at 2016-11-15 09:12:45 -0800
Processing by PostsController#show as HTML
  Parameters: {"id"=>"3"}
  [1m[36mPost Load (0.4ms)[0m  [1m[34mSELECT  `posts`.* FROM `posts` WHERE `posts`.`id` = 3 LIMIT 1[0m
  Rendering posts/show.html.erb within layouts/application
  [1m[36mComment Load (0.6ms)[0m  [1m[34mSELECT `comments`.* FROM `comments` WHERE `comments`.`post_id` = 3[0m
  Rendered posts/show.html.erb within layouts/application (7.5ms)
Completed 200 OK in 45ms (Views: 41.1ms | ActiveRecord: 0.9ms)


Started GET "/posts" for ::1 at 2016-11-15 09:13:02 -0800
Processing by PostsController#index as HTML
  Rendering posts/index.html.erb within layouts/application
  [1m[36mPost Load (0.3ms)[0m  [1m[34mSELECT `posts`.* FROM `posts`[0m
  Rendered posts/index.html.erb within layouts/application (26.6ms)
Completed 200 OK in 60ms (Views: 55.3ms | ActiveRecord: 0.3ms)


Started GET "/posts/3" for ::1 at 2016-11-15 09:13:05 -0800
Processing by PostsController#show as HTML
  Parameters: {"id"=>"3"}
  [1m[36mPost Load (0.9ms)[0m  [1m[34mSELECT  `posts`.* FROM `posts` WHERE `posts`.`id` = 3 LIMIT 1[0m
  Rendering posts/show.html.erb within layouts/application
  [1m[36mComment Load (0.3ms)[0m  [1m[34mSELECT `comments`.* FROM `comments` WHERE `comments`.`post_id` = 3[0m
  Rendered posts/show.html.erb within layouts/application (6.9ms)
Completed 200 OK in 45ms (Views: 39.0ms | ActiveRecord: 1.2ms)


Started GET "/posts" for ::1 at 2016-11-15 09:13:10 -0800
Processing by PostsController#index as HTML
  Rendering posts/index.html.erb within layouts/application
  [1m[36mPost Load (0.6ms)[0m  [1m[34mSELECT `posts`.* FROM `posts`[0m
  Rendered posts/index.html.erb within layouts/application (4.2ms)
Completed 200 OK in 40ms (Views: 38.0ms | ActiveRecord: 0.6ms)


Started GET "/users" for ::1 at 2016-11-15 09:13:12 -0800
Processing by UsersController#index as HTML
  Rendering users/index.html.erb within layouts/application
  [1m[36mUser Load (0.7ms)[0m  [1m[34mSELECT `users`.* FROM `users`[0m
  Rendered users/index.html.erb within layouts/application (4.4ms)
Completed 200 OK in 33ms (Views: 28.5ms | ActiveRecord: 0.7ms)


Started GET "/" for ::1 at 2016-11-15 12:14:18 -0800
Processing by PostsController#index as HTML
  Rendering posts/index.html.erb within layouts/application
  [1m[36mPost Load (1.0ms)[0m  [1m[34mSELECT `posts`.* FROM `posts`[0m
  Rendered posts/index.html.erb within layouts/application (23.7ms)
Completed 200 OK in 80ms (Views: 61.2ms | ActiveRecord: 7.9ms)


Started GET "/" for ::1 at 2016-11-15 12:41:15 -0800
Processing by PostsController#index as HTML
  Rendering posts/index.html.erb within layouts/application
  [1m[36mPost Load (0.4ms)[0m  [1m[34mSELECT `posts`.* FROM `posts`[0m
  Rendered posts/index.html.erb within layouts/application (14.1ms)
Completed 200 OK in 52ms (Views: 41.5ms | ActiveRecord: 3.7ms)


Started GET "/" for ::1 at 2016-11-15 13:55:39 -0800
Processing by PostsController#index as HTML
  Rendering posts/index.html.erb within layouts/application
  [1m[36mPost Load (0.5ms)[0m  [1m[34mSELECT `posts`.* FROM `posts`[0m
  Rendered posts/index.html.erb within layouts/application (2.9ms)
Completed 200 OK in 35ms (Views: 32.0ms | ActiveRecord: 0.5ms)


Started GET "/" for ::1 at 2016-11-22 00:56:22 -0800
  [1m[36mActiveRecord::SchemaMigration Load (6.8ms)[0m  [1m[34mSELECT `schema_migrations`.* FROM `schema_migrations`[0m
Processing by PostsController#index as HTML
  Rendering posts/index.html.erb within layouts/application
  [1m[36mPost Load (1.4ms)[0m  [1m[34mSELECT `posts`.* FROM `posts`[0m
  Rendered posts/index.html.erb within layouts/application (17.5ms)
Completed 200 OK in 287ms (Views: 263.1ms | ActiveRecord: 3.8ms)


Started GET "/" for ::1 at 2016-11-22 00:56:51 -0800
Processing by PostsController#index as HTML
  Rendering posts/index.html.erb within layouts/application
  [1m[36mPost Load (0.4ms)[0m  [1m[34mSELECT `posts`.* FROM `posts`[0m
  Rendered posts/index.html.erb within layouts/application (2.4ms)
Completed 200 OK in 34ms (Views: 30.3ms | ActiveRecord: 0.4ms)


Started GET "/users" for ::1 at 2016-11-22 01:00:51 -0800
Processing by UsersController#index as HTML
  Rendering users/index.html.erb within layouts/application
  [1m[36mUser Load (2.2ms)[0m  [1m[34mSELECT `users`.* FROM `users`[0m
  Rendered users/index.html.erb within layouts/application (27.2ms)
Completed 200 OK in 71ms (Views: 56.1ms | ActiveRecord: 4.1ms)


Started GET "/users/new" for ::1 at 2016-11-22 01:14:09 -0800
Processing by UsersController#new as HTML
Completed 500 Internal Server Error in 2ms (ActiveRecord: 0.0ms)


  
SyntaxError (/Users/Hridayam/Documents/staterooms/app/models/user.rb:5: syntax error, unexpected ':', expecting keyword_end
	VALID_EMAIL_REGEX: /\A[\w+\-.]+@sjsu.edu+\z/i
	                  ^
/Users/Hridayam/Documents/staterooms/app/models/user.rb:7: syntax error, unexpected tCONSTANT, expecting keyword_do or '{' or '('
						format: {with VALID_EMAIL_REGEX}
						                               ^):
  
app/models/user.rb:5: syntax error, unexpected ':', expecting keyword_end
app/models/user.rb:7: syntax error, unexpected tCONSTANT, expecting keyword_do or '{' or '('
app/controllers/users_controller.rb:17:in `new'
  Rendering /usr/local/lib/ruby/gems/2.3.0/gems/actionpack-5.0.0.1/lib/action_dispatch/middleware/templates/rescues/diagnostics.html.erb within rescues/layout
  Rendering /usr/local/lib/ruby/gems/2.3.0/gems/actionpack-5.0.0.1/lib/action_dispatch/middleware/templates/rescues/_source.html.erb
  Rendered /usr/local/lib/ruby/gems/2.3.0/gems/actionpack-5.0.0.1/lib/action_dispatch/middleware/templates/rescues/_source.html.erb (4.8ms)
  Rendering /usr/local/lib/ruby/gems/2.3.0/gems/actionpack-5.0.0.1/lib/action_dispatch/middleware/templates/rescues/_trace.html.erb
  Rendered /usr/local/lib/ruby/gems/2.3.0/gems/actionpack-5.0.0.1/lib/action_dispatch/middleware/templates/rescues/_trace.html.erb (2.7ms)
  Rendering /usr/local/lib/ruby/gems/2.3.0/gems/actionpack-5.0.0.1/lib/action_dispatch/middleware/templates/rescues/_request_and_response.html.erb
  Rendered /usr/local/lib/ruby/gems/2.3.0/gems/actionpack-5.0.0.1/lib/action_dispatch/middleware/templates/rescues/_request_and_response.html.erb (2.6ms)
  Rendered /usr/local/lib/ruby/gems/2.3.0/gems/actionpack-5.0.0.1/lib/action_dispatch/middleware/templates/rescues/diagnostics.html.erb within rescues/layout (88.4ms)
Started GET "/users/new" for ::1 at 2016-11-22 01:15:27 -0800
Processing by UsersController#new as HTML
Completed 500 Internal Server Error in 1ms (ActiveRecord: 0.0ms)


  
SyntaxError (/Users/Hridayam/Documents/staterooms/app/models/user.rb:7: syntax error, unexpected tCONSTANT, expecting keyword_do or '{' or '('
						format: {with VALID_EMAIL_REGEX}
						                               ^):
  
app/models/user.rb:7: syntax error, unexpected tCONSTANT, expecting keyword_do or '{' or '('
app/controllers/users_controller.rb:17:in `new'
  Rendering /usr/local/lib/ruby/gems/2.3.0/gems/actionpack-5.0.0.1/lib/action_dispatch/middleware/templates/rescues/diagnostics.html.erb within rescues/layout
  Rendering /usr/local/lib/ruby/gems/2.3.0/gems/actionpack-5.0.0.1/lib/action_dispatch/middleware/templates/rescues/_source.html.erb
  Rendered /usr/local/lib/ruby/gems/2.3.0/gems/actionpack-5.0.0.1/lib/action_dispatch/middleware/templates/rescues/_source.html.erb (6.9ms)
  Rendering /usr/local/lib/ruby/gems/2.3.0/gems/actionpack-5.0.0.1/lib/action_dispatch/middleware/templates/rescues/_trace.html.erb
  Rendered /usr/local/lib/ruby/gems/2.3.0/gems/actionpack-5.0.0.1/lib/action_dispatch/middleware/templates/rescues/_trace.html.erb (2.9ms)
  Rendering /usr/local/lib/ruby/gems/2.3.0/gems/actionpack-5.0.0.1/lib/action_dispatch/middleware/templates/rescues/_request_and_response.html.erb
  Rendered /usr/local/lib/ruby/gems/2.3.0/gems/actionpack-5.0.0.1/lib/action_dispatch/middleware/templates/rescues/_request_and_response.html.erb (0.9ms)
  Rendered /usr/local/lib/ruby/gems/2.3.0/gems/actionpack-5.0.0.1/lib/action_dispatch/middleware/templates/rescues/diagnostics.html.erb within rescues/layout (86.6ms)
Started GET "/users/new" for ::1 at 2016-11-22 01:16:00 -0800
Processing by UsersController#new as HTML
  Rendering users/new.html.erb within layouts/application
  Rendered users/_form.html.erb (13.1ms)
  Rendered users/new.html.erb within layouts/application (15.4ms)
Completed 200 OK in 54ms (Views: 36.2ms | ActiveRecord: 1.3ms)


Started POST "/users" for ::1 at 2016-11-22 01:16:29 -0800
Processing by UsersController#create as HTML
  Parameters: {"utf8"=>"✓", "authenticity_token"=>"/DsoIvJN8xC9YNv2t/GpP8lIums9u0JazVmpAuJkZDaxYx0JCiUBUnCGFIMGHUSs+1oGKfWmoxQIAdpa138pxw==", "user"=>{"password"=>"[FILTERED]", "email"=>"hridayam@sjsu.edui", "firstname"=>"h", "lastname"=>"b"}, "commit"=>"Create User"}
  [1m[35m (0.4ms)[0m  [1m[35mBEGIN[0m
  [1m[36mUser Exists (0.8ms)[0m  [1m[34mSELECT  1 AS one FROM `users` WHERE `users`.`email` = 'hridayam@sjsu.edui' LIMIT 1[0m
  [1m[35m (0.2ms)[0m  [1m[31mROLLBACK[0m
  Rendering users/new.html.erb within layouts/application
  Rendered users/_form.html.erb (2.7ms)
  Rendered users/new.html.erb within layouts/application (4.6ms)
Completed 200 OK in 45ms (Views: 27.5ms | ActiveRecord: 1.4ms)


Started GET "/users" for ::1 at 2016-11-22 01:16:37 -0800
Processing by UsersController#index as HTML
  Rendering users/index.html.erb within layouts/application
  [1m[36mUser Load (0.8ms)[0m  [1m[34mSELECT `users`.* FROM `users`[0m
  Rendered users/index.html.erb within layouts/application (6.1ms)
Completed 200 OK in 41ms (Views: 37.7ms | ActiveRecord: 0.8ms)


  [1m[35m (0.6ms)[0m  [1m[34mSELECT DATABASE() as db[0m
  [1m[35m (0.6ms)[0m  [1m[34mSELECT GET_LOCK('5026170497278143780', 0);[0m
  [1m[36mActiveRecord::SchemaMigration Load (0.4ms)[0m  [1m[34mSELECT `schema_migrations`.* FROM `schema_migrations`[0m
Migrating to AddPasswordDigestToUsers (20161122093602)
  [1m[35m (69.4ms)[0m  [1m[35mALTER TABLE `users` ADD `password_digest` varchar(255)[0m
  [1m[35m (0.1ms)[0m  [1m[35mBEGIN[0m
  [1m[35mSQL (1.0ms)[0m  [1m[32mINSERT INTO `schema_migrations` (`version`) VALUES ('20161122093602')[0m
  [1m[35m (1.9ms)[0m  [1m[35mCOMMIT[0m
  [1m[36mActiveRecord::InternalMetadata Load (1.5ms)[0m  [1m[34mSELECT  `ar_internal_metadata`.* FROM `ar_internal_metadata` WHERE `ar_internal_metadata`.`key` = 'environment' LIMIT 1[0m
  [1m[35m (0.1ms)[0m  [1m[35mBEGIN[0m
  [1m[35m (0.1ms)[0m  [1m[35mCOMMIT[0m
  [1m[35m (0.4ms)[0m  [1m[34mSELECT RELEASE_LOCK('5026170497278143780')[0m
  [1m[36mActiveRecord::SchemaMigration Load (0.2ms)[0m  [1m[34mSELECT `schema_migrations`.* FROM `schema_migrations`[0m
  [1m[35m (0.4ms)[0m  [1m[35mSHOW CREATE TABLE `comments`[0m
  [1m[35m (0.3ms)[0m  [1m[35mSHOW TABLE STATUS LIKE 'comments'[0m
  [1m[35m (0.2ms)[0m  [1m[35mSHOW CREATE TABLE `posts`[0m
  [1m[35m (0.4ms)[0m  [1m[35mSHOW TABLE STATUS LIKE 'posts'[0m
  [1m[35m (0.1ms)[0m  [1m[35mSHOW CREATE TABLE `users`[0m
  [1m[35m (0.2ms)[0m  [1m[35mSHOW TABLE STATUS LIKE 'users'[0m
  [1m[35m (0.4ms)[0m  [1m[34mSELECT fk.referenced_table_name as 'to_table'
      ,fk.referenced_column_name as 'primary_key'
      ,fk.column_name as 'column'
      ,fk.constraint_name as 'name'
FROM information_schema.key_column_usage fk
WHERE fk.referenced_column_name is not null
  AND fk.table_schema = 'roommate_app_development'
  AND fk.table_name = 'comments'
[0m
  [1m[35m (0.2ms)[0m  [1m[34mSELECT fk.referenced_table_name as 'to_table'
      ,fk.referenced_column_name as 'primary_key'
      ,fk.column_name as 'column'
      ,fk.constraint_name as 'name'
FROM information_schema.key_column_usage fk
WHERE fk.referenced_column_name is not null
  AND fk.table_schema = 'roommate_app_development'
  AND fk.table_name = 'posts'
[0m
  [1m[35m (0.2ms)[0m  [1m[34mSELECT fk.referenced_table_name as 'to_table'
      ,fk.referenced_column_name as 'primary_key'
      ,fk.column_name as 'column'
      ,fk.constraint_name as 'name'
FROM information_schema.key_column_usage fk
WHERE fk.referenced_column_name is not null
  AND fk.table_schema = 'roommate_app_development'
  AND fk.table_name = 'users'
[0m
  [1m[36mUser Load (0.3ms)[0m  [1m[34mSELECT `users`.* FROM `users`[0m
  [1m[36mUser Load (0.4ms)[0m  [1m[34mSELECT  `users`.* FROM `users` ORDER BY `users`.`id` DESC LIMIT 1[0m
  [1m[35m (0.2ms)[0m  [1m[35mBEGIN[0m
  [1m[36mUser Exists (1.4ms)[0m  [1m[34mSELECT  1 AS one FROM `users` WHERE `users`.`email` = 'hridayam' AND (`users`.`id` != 1) LIMIT 1[0m
  [1m[35m (0.2ms)[0m  [1m[31mROLLBACK[0m
  [1m[35m (0.2ms)[0m  [1m[35mBEGIN[0m
  [1m[36mUser Exists (0.5ms)[0m  [1m[34mSELECT  1 AS one FROM `users` WHERE `users`.`email` = 'hridayam' AND (`users`.`id` != 1) LIMIT 1[0m
  [1m[35m (0.2ms)[0m  [1m[31mROLLBACK[0m
  [1m[35m (0.2ms)[0m  [1m[35mBEGIN[0m
  [1m[36mUser Exists (0.5ms)[0m  [1m[34mSELECT  1 AS one FROM `users` WHERE `users`.`email` = 'hridayam@sjsu.edu' AND (`users`.`id` != 1) LIMIT 1[0m
  [1m[35mSQL (3.2ms)[0m  [1m[33mUPDATE `users` SET `email` = 'hridayam@sjsu.edu', `updated_at` = '2016-11-22 09:47:50', `password_digest` = '$2a$10$jp7yMq9j/BvE/MbUwYhX8.H5r7yqOqZt9nv3DPoY8aZdtXIFtpPki' WHERE `users`.`id` = 1[0m
  [1m[35m (0.6ms)[0m  [1m[35mCOMMIT[0m
